<?xml version="1.0" encoding="UTF-8"?>
<!-- Generated by org.testng.reporters.JUnitReportReporter -->
<testsuite hostname="DrSupancomputer" name="com.parklands.HomeTest" tests="1" failures="0" timestamp="9 Mar 2018 20:00:57 GMT" time="48.843" errors="0">
  <testcase name="pLn" time="48.843" classname="com.parklands.HomeTest"/>
</testsuite> <!-- com.parklands.HomeTest -->
