<?xml version="1.0" encoding="UTF-8"?>
<!-- Generated by org.testng.reporters.JUnitReportReporter -->
<testsuite skipped="0" hostname="DrSupancomputer" name="com.parklands.HomeTest" tests="1" failures="0" timestamp="27 Feb 2018 13:01:45 GMT" time="44.181" errors="0">
  <testcase name="pLn" time="44.181" classname="com.parklands.HomeTest"/>
</testsuite> <!-- com.parklands.HomeTest -->
